<?xml version="1.0" encoding="UTF-8"?>
<testsuite xmlns:xsi="http://www.w3.org/2001/XMLSchema-instance" xsi:noNamespaceSchemaLocation="https://maven.apache.org/surefire/maven-surefire-plugin/xsd/surefire-test-report-3.0.xsd" version="3.0" name="demo.kafka.streams.processor.PaymentTopologyTest" time="2.687" tests="1" errors="0" skipped="0" failures="0">
  <properties>
[...]
</properties>
  <testcase name="testPaymentTopology" classname="demo.kafka.streams.processor.PaymentTopologyTest" time="1.971">
    <system-out><![CDATA[12:35:01.944 [main] DEBUG org.apache.kafka.streams.kstream.internals.InternalStreamsBuilder - Adding nodes to topology StreamsGraphNode{nodeName='root', buildPriority=null, hasWrittenToTopology=false, keyChangingOperation=false, valueChangingOperation=false, mergeNode=false, parentNodes=[]} child nodes [StreamSourceNode{topicNames=[payment-topic], topicPattern=null, consumedInternal=org.apache.kafka.streams.kstream.internals.ConsumedInternal@5fb2364c} StreamsGraphNode{nodeName='KSTREAM-SOURCE-0000000000', buildPriority=0, hasWrittenToTopology=false, keyChangingOperation=false, valueChangingOperation=false, mergeNode=false, parentNodes=[root]}]
12:35:01.962 [main] DEBUG org.apache.kafka.streams.kstream.internals.InternalStreamsBuilder - Adding nodes to topology StreamSourceNode{topicNames=[payment-topic], topicPattern=null, consumedInternal=org.apache.kafka.streams.kstream.internals.ConsumedInternal@5fb2364c} StreamsGraphNode{nodeName='KSTREAM-SOURCE-0000000000', buildPriority=0, hasWrittenToTopology=false, keyChangingOperation=false, valueChangingOperation=false, mergeNode=false, parentNodes=[root]} child nodes [ProcessorNode{processorParameters=ProcessorParameters{processor class=class org.apache.kafka.streams.processor.internals.ProcessorAdapter, processor name='KSTREAM-PEEK-0000000001'}} StreamsGraphNode{nodeName='KSTREAM-PEEK-0000000001', buildPriority=1, hasWrittenToTopology=false, keyChangingOperation=false, valueChangingOperation=false, mergeNode=false, parentNodes=[KSTREAM-SOURCE-0000000000]}]
12:35:01.969 [main] DEBUG org.apache.kafka.streams.kstream.internals.InternalStreamsBuilder - Adding nodes to topology ProcessorNode{processorParameters=ProcessorParameters{processor class=class org.apache.kafka.streams.processor.internals.ProcessorAdapter, processor name='KSTREAM-PEEK-0000000001'}} StreamsGraphNode{nodeName='KSTREAM-PEEK-0000000001', buildPriority=1, hasWrittenToTopology=false, keyChangingOperation=false, valueChangingOperation=false, mergeNode=false, parentNodes=[KSTREAM-SOURCE-0000000000]} child nodes [ProcessorNode{processorParameters=ProcessorParameters{processor class=class org.apache.kafka.streams.processor.internals.ProcessorAdapter, processor name='KSTREAM-FILTER-0000000002'}} StreamsGraphNode{nodeName='KSTREAM-FILTER-0000000002', buildPriority=2, hasWrittenToTopology=false, keyChangingOperation=false, valueChangingOperation=false, mergeNode=false, parentNodes=[KSTREAM-PEEK-0000000001]}]
12:35:01.971 [main] DEBUG org.apache.kafka.streams.kstream.internals.InternalStreamsBuilder - Adding nodes to topology ProcessorNode{processorParameters=ProcessorParameters{processor class=class org.apache.kafka.streams.processor.internals.ProcessorAdapter, processor name='KSTREAM-FILTER-0000000002'}} StreamsGraphNode{nodeName='KSTREAM-FILTER-0000000002', buildPriority=2, hasWrittenToTopology=false, keyChangingOperation=false, valueChangingOperation=false, mergeNode=false, parentNodes=[KSTREAM-PEEK-0000000001]} child nodes [ProcessorNode{processorParameters=ProcessorParameters{processor class=class org.apache.kafka.streams.processor.internals.ProcessorAdapter, processor name='KSTREAM-PEEK-0000000003'}} StreamsGraphNode{nodeName='KSTREAM-PEEK-0000000003', buildPriority=3, hasWrittenToTopology=false, keyChangingOperation=false, valueChangingOperation=false, mergeNode=false, parentNodes=[KSTREAM-FILTER-0000000002]}]
12:35:01.972 [main] DEBUG org.apache.kafka.streams.kstream.internals.InternalStreamsBuilder - Adding nodes to topology ProcessorNode{processorParameters=ProcessorParameters{processor class=class org.apache.kafka.streams.processor.internals.ProcessorAdapter, processor name='KSTREAM-PEEK-0000000003'}} StreamsGraphNode{nodeName='KSTREAM-PEEK-0000000003', buildPriority=3, hasWrittenToTopology=false, keyChangingOperation=false, valueChangingOperation=false, mergeNode=false, parentNodes=[KSTREAM-FILTER-0000000002]} child nodes [ProcessorNode{processorParameters=ProcessorParameters{processor class=class org.apache.kafka.streams.processor.internals.ProcessorAdapter, processor name='KSTREAM-BRANCH-0000000004'}} StreamsGraphNode{nodeName='KSTREAM-BRANCH-0000000004', buildPriority=4, hasWrittenToTopology=false, keyChangingOperation=false, valueChangingOperation=false, mergeNode=false, parentNodes=[KSTREAM-PEEK-0000000003]}]
12:35:01.973 [main] DEBUG org.apache.kafka.streams.kstream.internals.InternalStreamsBuilder - Adding nodes to topology ProcessorNode{processorParameters=ProcessorParameters{processor class=class org.apache.kafka.streams.processor.internals.ProcessorAdapter, processor name='KSTREAM-BRANCH-0000000004'}} StreamsGraphNode{nodeName='KSTREAM-BRANCH-0000000004', buildPriority=4, hasWrittenToTopology=false, keyChangingOperation=false, valueChangingOperation=false, mergeNode=false, parentNodes=[KSTREAM-PEEK-0000000003]} child nodes [ProcessorNode{processorParameters=ProcessorParameters{processor class=class org.apache.kafka.streams.processor.internals.ProcessorAdapter, processor name='KSTREAM-BRANCHCHILD-0000000005'}} StreamsGraphNode{nodeName='KSTREAM-BRANCHCHILD-0000000005', buildPriority=5, hasWrittenToTopology=false, keyChangingOperation=false, valueChangingOperation=false, mergeNode=false, parentNodes=[KSTREAM-BRANCH-0000000004]}, ProcessorNode{processorParameters=ProcessorParameters{processor class=class org.apache.kafka.streams.processor.internals.ProcessorAdapter, processor name='KSTREAM-BRANCHCHILD-0000000006'}} StreamsGraphNode{nodeName='KSTREAM-BRANCHCHILD-0000000006', buildPriority=6, hasWrittenToTopology=false, keyChangingOperation=false, valueChangingOperation=false, mergeNode=false, parentNodes=[KSTREAM-BRANCH-0000000004]}]
12:35:01.974 [main] DEBUG org.apache.kafka.streams.kstream.internals.InternalStreamsBuilder - Adding nodes to topology ProcessorNode{processorParameters=ProcessorParameters{processor class=class org.apache.kafka.streams.processor.internals.ProcessorAdapter, processor name='KSTREAM-BRANCHCHILD-0000000005'}} StreamsGraphNode{nodeName='KSTREAM-BRANCHCHILD-0000000005', buildPriority=5, hasWrittenToTopology=false, keyChangingOperation=false, valueChangingOperation=false, mergeNode=false, parentNodes=[KSTREAM-BRANCH-0000000004]} child nodes [ProcessorNode{processorParameters=ProcessorParameters{processor class=class org.apache.kafka.streams.processor.internals.ProcessorAdapter, processor name='KSTREAM-MERGE-0000000008'}} StreamsGraphNode{nodeName='KSTREAM-MERGE-0000000008', buildPriority=9, hasWrittenToTopology=false, keyChangingOperation=false, valueChangingOperation=false, mergeNode=true, parentNodes=[KSTREAM-BRANCHCHILD-0000000005, KSTREAM-MAPVALUES-0000000007]}]
12:35:01.974 [main] DEBUG org.apache.kafka.streams.kstream.internals.InternalStreamsBuilder - Adding nodes to topology ProcessorNode{processorParameters=ProcessorParameters{processor class=class org.apache.kafka.streams.processor.internals.ProcessorAdapter, processor name='KSTREAM-BRANCHCHILD-0000000006'}} StreamsGraphNode{nodeName='KSTREAM-BRANCHCHILD-0000000006', buildPriority=6, hasWrittenToTopology=false, keyChangingOperation=false, valueChangingOperation=false, mergeNode=false, parentNodes=[KSTREAM-BRANCH-0000000004]} child nodes [ProcessorNode{processorParameters=ProcessorParameters{processor class=class org.apache.kafka.streams.processor.internals.ProcessorAdapter, processor name='KSTREAM-MAPVALUES-0000000007'}} StreamsGraphNode{nodeName='KSTREAM-MAPVALUES-0000000007', buildPriority=7, hasWrittenToTopology=false, keyChangingOperation=false, valueChangingOperation=true, mergeNode=false, parentNodes=[KSTREAM-BRANCHCHILD-0000000006]}]
12:35:01.975 [main] DEBUG org.apache.kafka.streams.kstream.internals.InternalStreamsBuilder - Adding nodes to topology ProcessorNode{processorParameters=ProcessorParameters{processor class=class org.apache.kafka.streams.processor.internals.ProcessorAdapter, processor name='KSTREAM-MAPVALUES-0000000007'}} StreamsGraphNode{nodeName='KSTREAM-MAPVALUES-0000000007', buildPriority=7, hasWrittenToTopology=false, keyChangingOperation=false, valueChangingOperation=true, mergeNode=false, parentNodes=[KSTREAM-BRANCHCHILD-0000000006]} child nodes [ProcessorNode{processorParameters=ProcessorParameters{processor class=class org.apache.kafka.streams.processor.internals.ProcessorAdapter, processor name='KSTREAM-MERGE-0000000008'}} StreamsGraphNode{nodeName='KSTREAM-MERGE-0000000008', buildPriority=9, hasWrittenToTopology=false, keyChangingOperation=false, valueChangingOperation=false, mergeNode=true, parentNodes=[KSTREAM-BRANCHCHILD-0000000005, KSTREAM-MAPVALUES-0000000007]}]
12:35:01.976 [main] DEBUG org.apache.kafka.streams.kstream.internals.InternalStreamsBuilder - Adding nodes to topology ProcessorNode{processorParameters=ProcessorParameters{processor class=class org.apache.kafka.streams.processor.internals.ProcessorAdapter, processor name='KSTREAM-MERGE-0000000008'}} StreamsGraphNode{nodeName='KSTREAM-MERGE-0000000008', buildPriority=9, hasWrittenToTopology=false, keyChangingOperation=false, valueChangingOperation=false, mergeNode=true, parentNodes=[KSTREAM-BRANCHCHILD-0000000005, KSTREAM-MAPVALUES-0000000007]} child nodes [ProcessorNode{processorParameters=ProcessorParameters{processor class=class org.apache.kafka.streams.processor.internals.ProcessorAdapter, processor name='KSTREAM-PEEK-0000000009'}} StreamsGraphNode{nodeName='KSTREAM-PEEK-0000000009', buildPriority=10, hasWrittenToTopology=false, keyChangingOperation=false, valueChangingOperation=false, mergeNode=false, parentNodes=[KSTREAM-MERGE-0000000008]}]
12:35:01.976 [main] DEBUG org.apache.kafka.streams.kstream.internals.InternalStreamsBuilder - Adding nodes to topology ProcessorNode{processorParameters=ProcessorParameters{processor class=class org.apache.kafka.streams.processor.internals.ProcessorAdapter, processor name='KSTREAM-MERGE-0000000008'}} StreamsGraphNode{nodeName='KSTREAM-MERGE-0000000008', buildPriority=9, hasWrittenToTopology=true, keyChangingOperation=false, valueChangingOperation=false, mergeNode=true, parentNodes=[KSTREAM-BRANCHCHILD-0000000005, KSTREAM-MAPVALUES-0000000007]} child nodes [ProcessorNode{processorParameters=ProcessorParameters{processor class=class org.apache.kafka.streams.processor.internals.ProcessorAdapter, processor name='KSTREAM-PEEK-0000000009'}} StreamsGraphNode{nodeName='KSTREAM-PEEK-0000000009', buildPriority=10, hasWrittenToTopology=false, keyChangingOperation=false, valueChangingOperation=false, mergeNode=false, parentNodes=[KSTREAM-MERGE-0000000008]}]
12:35:01.976 [main] DEBUG org.apache.kafka.streams.kstream.internals.InternalStreamsBuilder - Adding nodes to topology ProcessorNode{processorParameters=ProcessorParameters{processor class=class org.apache.kafka.streams.processor.internals.ProcessorAdapter, processor name='KSTREAM-PEEK-0000000009'}} StreamsGraphNode{nodeName='KSTREAM-PEEK-0000000009', buildPriority=10, hasWrittenToTopology=false, keyChangingOperation=false, valueChangingOperation=false, mergeNode=false, parentNodes=[KSTREAM-MERGE-0000000008]} child nodes [ProcessorNode{processorParameters=ProcessorParameters{processor class=class org.apache.kafka.streams.processor.internals.ProcessorAdapter, processor name='KSTREAM-MAP-0000000010'}} StreamsGraphNode{nodeName='KSTREAM-MAP-0000000010', buildPriority=11, hasWrittenToTopology=false, keyChangingOperation=true, valueChangingOperation=false, mergeNode=false, parentNodes=[KSTREAM-PEEK-0000000009]}, ProcessorNode{processorParameters=ProcessorParameters{processor class=class org.apache.kafka.streams.processor.internals.ProcessorAdapter, processor name='KSTREAM-BRANCH-0000000015'}} StreamsGraphNode{nodeName='KSTREAM-BRANCH-0000000015', buildPriority=14, hasWrittenToTopology=false, keyChangingOperation=false, valueChangingOperation=false, mergeNode=false, parentNodes=[KSTREAM-PEEK-0000000009]}]
12:35:01.979 [main] DEBUG org.apache.kafka.streams.kstream.internals.InternalStreamsBuilder - Adding nodes to topology ProcessorNode{processorParameters=ProcessorParameters{processor class=class org.apache.kafka.streams.processor.internals.ProcessorAdapter, processor name='KSTREAM-PEEK-0000000009'}} StreamsGraphNode{nodeName='KSTREAM-PEEK-0000000009', buildPriority=10, hasWrittenToTopology=true, keyChangingOperation=false, valueChangingOperation=false, mergeNode=false, parentNodes=[KSTREAM-MERGE-0000000008]} child nodes [ProcessorNode{processorParameters=ProcessorParameters{processor class=class org.apache.kafka.streams.processor.internals.ProcessorAdapter, processor name='KSTREAM-MAP-0000000010'}} StreamsGraphNode{nodeName='KSTREAM-MAP-0000000010', buildPriority=11, hasWrittenToTopology=false, keyChangingOperation=true, valueChangingOperation=false, mergeNode=false, parentNodes=[KSTREAM-PEEK-0000000009]}, ProcessorNode{processorParameters=ProcessorParameters{processor class=class org.apache.kafka.streams.processor.internals.ProcessorAdapter, processor name='KSTREAM-BRANCH-0000000015'}} StreamsGraphNode{nodeName='KSTREAM-BRANCH-0000000015', buildPriority=14, hasWrittenToTopology=false, keyChangingOperation=false, valueChangingOperation=false, mergeNode=false, parentNodes=[KSTREAM-PEEK-0000000009]}]
12:35:01.979 [main] DEBUG org.apache.kafka.streams.kstream.internals.InternalStreamsBuilder - Adding nodes to topology ProcessorNode{processorParameters=ProcessorParameters{processor class=class org.apache.kafka.streams.processor.internals.ProcessorAdapter, processor name='KSTREAM-MAP-0000000010'}} StreamsGraphNode{nodeName='KSTREAM-MAP-0000000010', buildPriority=11, hasWrittenToTopology=false, keyChangingOperation=true, valueChangingOperation=false, mergeNode=false, parentNodes=[KSTREAM-PEEK-0000000009]} child nodes [OptimizableRepartitionNode{ BaseRepartitionNode{keySerde=org.apache.kafka.common.serialization.Serdes$StringSerde@66d57c1b, valueSerde=org.apache.kafka.common.serialization.Serdes$LongSerde@3f4f9acd, sinkName='balance-repartition-sink', sourceName='balance-repartition-source', repartitionTopic='balance-repartition', processorParameters=ProcessorParameters{processor class=class org.apache.kafka.streams.processor.internals.ProcessorAdapter, processor name='balance-repartition-filter'}', partitioner=null, internalTopicProperties=InternalTopicProperties{numberOfPartitions=null}} StreamsGraphNode{nodeName='balance-repartition-source', buildPriority=12, hasWrittenToTopology=false, keyChangingOperation=false, valueChangingOperation=false, mergeNode=false, parentNodes=[KSTREAM-MAP-0000000010]} }]
12:35:01.979 [main] DEBUG org.apache.kafka.streams.kstream.internals.InternalStreamsBuilder - Adding nodes to topology ProcessorNode{processorParameters=ProcessorParameters{processor class=class org.apache.kafka.streams.processor.internals.ProcessorAdapter, processor name='KSTREAM-MAP-0000000010'}} StreamsGraphNode{nodeName='KSTREAM-MAP-0000000010', buildPriority=11, hasWrittenToTopology=true, keyChangingOperation=true, valueChangingOperation=false, mergeNode=false, parentNodes=[KSTREAM-PEEK-0000000009]} child nodes [OptimizableRepartitionNode{ BaseRepartitionNode{keySerde=org.apache.kafka.common.serialization.Serdes$StringSerde@66d57c1b, valueSerde=org.apache.kafka.common.serialization.Serdes$LongSerde@3f4f9acd, sinkName='balance-repartition-sink', sourceName='balance-repartition-source', repartitionTopic='balance-repartition', processorParameters=ProcessorParameters{processor class=class org.apache.kafka.streams.processor.internals.ProcessorAdapter, processor name='balance-repartition-filter'}', partitioner=null, internalTopicProperties=InternalTopicProperties{numberOfPartitions=null}} StreamsGraphNode{nodeName='balance-repartition-source', buildPriority=12, hasWrittenToTopology=false, keyChangingOperation=false, valueChangingOperation=false, mergeNode=false, parentNodes=[KSTREAM-MAP-0000000010]} }]
12:35:01.980 [main] DEBUG org.apache.kafka.streams.kstream.internals.InternalStreamsBuilder - Adding nodes to topology OptimizableRepartitionNode{ BaseRepartitionNode{keySerde=org.apache.kafka.common.serialization.Serdes$StringSerde@66d57c1b, valueSerde=org.apache.kafka.common.serialization.Serdes$LongSerde@3f4f9acd, sinkName='balance-repartition-sink', sourceName='balance-repartition-source', repartitionTopic='balance-repartition', processorParameters=ProcessorParameters{processor class=class org.apache.kafka.streams.processor.internals.ProcessorAdapter, processor name='balance-repartition-filter'}', partitioner=null, internalTopicProperties=InternalTopicProperties{numberOfPartitions=null}} StreamsGraphNode{nodeName='balance-repartition-source', buildPriority=12, hasWrittenToTopology=false, keyChangingOperation=false, valueChangingOperation=false, mergeNode=false, parentNodes=[KSTREAM-MAP-0000000010]} } child nodes [StatefulProcessorNode{storeNames=null, storeBuilder=org.apache.kafka.streams.state.internals.TimestampedKeyValueStoreBuilder@46baf579} ProcessorNode{processorParameters=ProcessorParameters{processor class=class org.apache.kafka.streams.processor.internals.ProcessorAdapter, processor name='KSTREAM-AGGREGATE-0000000011'}} StreamsGraphNode{nodeName='KSTREAM-AGGREGATE-0000000011', buildPriority=13, hasWrittenToTopology=false, keyChangingOperation=false, valueChangingOperation=false, mergeNode=false, parentNodes=[balance-repartition-source]}]
12:35:01.982 [main] DEBUG org.apache.kafka.streams.kstream.internals.InternalStreamsBuilder - Adding nodes to topology OptimizableRepartitionNode{ BaseRepartitionNode{keySerde=org.apache.kafka.common.serialization.Serdes$StringSerde@66d57c1b, valueSerde=org.apache.kafka.common.serialization.Serdes$LongSerde@3f4f9acd, sinkName='balance-repartition-sink', sourceName='balance-repartition-source', repartitionTopic='balance-repartition', processorParameters=ProcessorParameters{processor class=class org.apache.kafka.streams.processor.internals.ProcessorAdapter, processor name='balance-repartition-filter'}', partitioner=null, internalTopicProperties=InternalTopicProperties{numberOfPartitions=null}} StreamsGraphNode{nodeName='balance-repartition-source', buildPriority=12, hasWrittenToTopology=true, keyChangingOperation=false, valueChangingOperation=false, mergeNode=false, parentNodes=[KSTREAM-MAP-0000000010]} } child nodes [StatefulProcessorNode{storeNames=null, storeBuilder=org.apache.kafka.streams.state.internals.TimestampedKeyValueStoreBuilder@46baf579} ProcessorNode{processorParameters=ProcessorParameters{processor class=class org.apache.kafka.streams.processor.internals.ProcessorAdapter, processor name='KSTREAM-AGGREGATE-0000000011'}} StreamsGraphNode{nodeName='KSTREAM-AGGREGATE-0000000011', buildPriority=13, hasWrittenToTopology=false, keyChangingOperation=false, valueChangingOperation=false, mergeNode=false, parentNodes=[balance-repartition-source]}]
12:35:01.982 [main] DEBUG org.apache.kafka.streams.kstream.internals.InternalStreamsBuilder - Adding nodes to topology StatefulProcessorNode{storeNames=null, storeBuilder=org.apache.kafka.streams.state.internals.TimestampedKeyValueStoreBuilder@46baf579} ProcessorNode{processorParameters=ProcessorParameters{processor class=class org.apache.kafka.streams.processor.internals.ProcessorAdapter, processor name='KSTREAM-AGGREGATE-0000000011'}} StreamsGraphNode{nodeName='KSTREAM-AGGREGATE-0000000011', buildPriority=13, hasWrittenToTopology=false, keyChangingOperation=false, valueChangingOperation=false, mergeNode=false, parentNodes=[balance-repartition-source]} child nodes []
12:35:01.983 [main] DEBUG org.apache.kafka.streams.kstream.internals.InternalStreamsBuilder - Adding nodes to topology StatefulProcessorNode{storeNames=null, storeBuilder=org.apache.kafka.streams.state.internals.TimestampedKeyValueStoreBuilder@46baf579} ProcessorNode{processorParameters=ProcessorParameters{processor class=class org.apache.kafka.streams.processor.internals.ProcessorAdapter, processor name='KSTREAM-AGGREGATE-0000000011'}} StreamsGraphNode{nodeName='KSTREAM-AGGREGATE-0000000011', buildPriority=13, hasWrittenToTopology=true, keyChangingOperation=false, valueChangingOperation=false, mergeNode=false, parentNodes=[balance-repartition-source]} child nodes []
12:35:01.983 [main] DEBUG org.apache.kafka.streams.kstream.internals.InternalStreamsBuilder - Adding nodes to topology ProcessorNode{processorParameters=ProcessorParameters{processor class=class org.apache.kafka.streams.processor.internals.ProcessorAdapter, processor name='KSTREAM-BRANCH-0000000015'}} StreamsGraphNode{nodeName='KSTREAM-BRANCH-0000000015', buildPriority=14, hasWrittenToTopology=false, keyChangingOperation=false, valueChangingOperation=false, mergeNode=false, parentNodes=[KSTREAM-PEEK-0000000009]} child nodes [ProcessorNode{processorParameters=ProcessorParameters{processor class=class org.apache.kafka.streams.processor.internals.ProcessorAdapter, processor name='KSTREAM-BRANCHCHILD-0000000016'}} StreamsGraphNode{nodeName='KSTREAM-BRANCHCHILD-0000000016', buildPriority=15, hasWrittenToTopology=false, keyChangingOperation=false, valueChangingOperation=false, mergeNode=false, parentNodes=[KSTREAM-BRANCH-0000000015]}, ProcessorNode{processorParameters=ProcessorParameters{processor class=class org.apache.kafka.streams.processor.internals.ProcessorAdapter, processor name='KSTREAM-BRANCHCHILD-0000000017'}} StreamsGraphNode{nodeName='KSTREAM-BRANCHCHILD-0000000017', buildPriority=16, hasWrittenToTopology=false, keyChangingOperation=false, valueChangingOperation=false, mergeNode=false, parentNodes=[KSTREAM-BRANCH-0000000015]}]
12:35:01.983 [main] DEBUG org.apache.kafka.streams.kstream.internals.InternalStreamsBuilder - Adding nodes to topology ProcessorNode{processorParameters=ProcessorParameters{processor class=class org.apache.kafka.streams.processor.internals.ProcessorAdapter, processor name='KSTREAM-BRANCH-0000000015'}} StreamsGraphNode{nodeName='KSTREAM-BRANCH-0000000015', buildPriority=14, hasWrittenToTopology=true, keyChangingOperation=false, valueChangingOperation=false, mergeNode=false, parentNodes=[KSTREAM-PEEK-0000000009]} child nodes [ProcessorNode{processorParameters=ProcessorParameters{processor class=class org.apache.kafka.streams.processor.internals.ProcessorAdapter, processor name='KSTREAM-BRANCHCHILD-0000000016'}} StreamsGraphNode{nodeName='KSTREAM-BRANCHCHILD-0000000016', buildPriority=15, hasWrittenToTopology=false, keyChangingOperation=false, valueChangingOperation=false, mergeNode=false, parentNodes=[KSTREAM-BRANCH-0000000015]}, ProcessorNode{processorParameters=ProcessorParameters{processor class=class org.apache.kafka.streams.processor.internals.ProcessorAdapter, processor name='KSTREAM-BRANCHCHILD-0000000017'}} StreamsGraphNode{nodeName='KSTREAM-BRANCHCHILD-0000000017', buildPriority=16, hasWrittenToTopology=false, keyChangingOperation=false, valueChangingOperation=false, mergeNode=false, parentNodes=[KSTREAM-BRANCH-0000000015]}]
12:35:01.984 [main] DEBUG org.apache.kafka.streams.kstream.internals.InternalStreamsBuilder - Adding nodes to topology ProcessorNode{processorParameters=ProcessorParameters{processor class=class org.apache.kafka.streams.processor.internals.ProcessorAdapter, processor name='KSTREAM-BRANCHCHILD-0000000016'}} StreamsGraphNode{nodeName='KSTREAM-BRANCHCHILD-0000000016', buildPriority=15, hasWrittenToTopology=false, keyChangingOperation=false, valueChangingOperation=false, mergeNode=false, parentNodes=[KSTREAM-BRANCH-0000000015]} child nodes [StreamSinkNode{topicNameExtractor=StaticTopicNameExtractor(rails-foo-topic), producedInternal=org.apache.kafka.streams.kstream.internals.ProducedInternal@f64012fe} StreamsGraphNode{nodeName='KSTREAM-SINK-0000000018', buildPriority=17, hasWrittenToTopology=false, keyChangingOperation=false, valueChangingOperation=false, mergeNode=false, parentNodes=[KSTREAM-BRANCHCHILD-0000000016]}]
12:35:01.984 [main] DEBUG org.apache.kafka.streams.kstream.internals.InternalStreamsBuilder - Adding nodes to topology ProcessorNode{processorParameters=ProcessorParameters{processor class=class org.apache.kafka.streams.processor.internals.ProcessorAdapter, processor name='KSTREAM-BRANCHCHILD-0000000016'}} StreamsGraphNode{nodeName='KSTREAM-BRANCHCHILD-0000000016', buildPriority=15, hasWrittenToTopology=true, keyChangingOperation=false, valueChangingOperation=false, mergeNode=false, parentNodes=[KSTREAM-BRANCH-0000000015]} child nodes [StreamSinkNode{topicNameExtractor=StaticTopicNameExtractor(rails-foo-topic), producedInternal=org.apache.kafka.streams.kstream.internals.ProducedInternal@f64012fe} StreamsGraphNode{nodeName='KSTREAM-SINK-0000000018', buildPriority=17, hasWrittenToTopology=false, keyChangingOperation=false, valueChangingOperation=false, mergeNode=false, parentNodes=[KSTREAM-BRANCHCHILD-0000000016]}]
12:35:01.984 [main] DEBUG org.apache.kafka.streams.kstream.internals.InternalStreamsBuilder - Adding nodes to topology ProcessorNode{processorParameters=ProcessorParameters{processor class=class org.apache.kafka.streams.processor.internals.ProcessorAdapter, processor name='KSTREAM-BRANCHCHILD-0000000017'}} StreamsGraphNode{nodeName='KSTREAM-BRANCHCHILD-0000000017', buildPriority=16, hasWrittenToTopology=false, keyChangingOperation=false, valueChangingOperation=false, mergeNode=false, parentNodes=[KSTREAM-BRANCH-0000000015]} child nodes [StreamSinkNode{topicNameExtractor=StaticTopicNameExtractor(rails-BAR-topic), producedInternal=org.apache.kafka.streams.kstream.internals.ProducedInternal@8acf7637} StreamsGraphNode{nodeName='KSTREAM-SINK-0000000019', buildPriority=18, hasWrittenToTopology=false, keyChangingOperation=false, valueChangingOperation=false, mergeNode=false, parentNodes=[KSTREAM-BRANCHCHILD-0000000017]}]
12:35:01.984 [main] DEBUG org.apache.kafka.streams.kstream.internals.InternalStreamsBuilder - Adding nodes to topology ProcessorNode{processorParameters=ProcessorParameters{processor class=class org.apache.kafka.streams.processor.internals.ProcessorAdapter, processor name='KSTREAM-BRANCHCHILD-0000000017'}} StreamsGraphNode{nodeName='KSTREAM-BRANCHCHILD-0000000017', buildPriority=16, hasWrittenToTopology=true, keyChangingOperation=false, valueChangingOperation=false, mergeNode=false, parentNodes=[KSTREAM-BRANCH-0000000015]} child nodes [StreamSinkNode{topicNameExtractor=StaticTopicNameExtractor(rails-BAR-topic), producedInternal=org.apache.kafka.streams.kstream.internals.ProducedInternal@8acf7637} StreamsGraphNode{nodeName='KSTREAM-SINK-0000000019', buildPriority=18, hasWrittenToTopology=false, keyChangingOperation=false, valueChangingOperation=false, mergeNode=false, parentNodes=[KSTREAM-BRANCHCHILD-0000000017]}]
12:35:01.985 [main] DEBUG org.apache.kafka.streams.kstream.internals.InternalStreamsBuilder - Adding nodes to topology StreamSinkNode{topicNameExtractor=StaticTopicNameExtractor(rails-foo-topic), producedInternal=org.apache.kafka.streams.kstream.internals.ProducedInternal@f64012fe} StreamsGraphNode{nodeName='KSTREAM-SINK-0000000018', buildPriority=17, hasWrittenToTopology=false, keyChangingOperation=false, valueChangingOperation=false, mergeNode=false, parentNodes=[KSTREAM-BRANCHCHILD-0000000016]} child nodes []
12:35:01.985 [main] DEBUG org.apache.kafka.streams.kstream.internals.InternalStreamsBuilder - Adding nodes to topology StreamSinkNode{topicNameExtractor=StaticTopicNameExtractor(rails-foo-topic), producedInternal=org.apache.kafka.streams.kstream.internals.ProducedInternal@f64012fe} StreamsGraphNode{nodeName='KSTREAM-SINK-0000000018', buildPriority=17, hasWrittenToTopology=true, keyChangingOperation=false, valueChangingOperation=false, mergeNode=false, parentNodes=[KSTREAM-BRANCHCHILD-0000000016]} child nodes []
12:35:01.985 [main] DEBUG org.apache.kafka.streams.kstream.internals.InternalStreamsBuilder - Adding nodes to topology StreamSinkNode{topicNameExtractor=StaticTopicNameExtractor(rails-BAR-topic), producedInternal=org.apache.kafka.streams.kstream.internals.ProducedInternal@8acf7637} StreamsGraphNode{nodeName='KSTREAM-SINK-0000000019', buildPriority=18, hasWrittenToTopology=false, keyChangingOperation=false, valueChangingOperation=false, mergeNode=false, parentNodes=[KSTREAM-BRANCHCHILD-0000000017]} child nodes []
12:35:01.985 [main] DEBUG org.apache.kafka.streams.kstream.internals.InternalStreamsBuilder - Adding nodes to topology StreamSinkNode{topicNameExtractor=StaticTopicNameExtractor(rails-BAR-topic), producedInternal=org.apache.kafka.streams.kstream.internals.ProducedInternal@8acf7637} StreamsGraphNode{nodeName='KSTREAM-SINK-0000000019', buildPriority=18, hasWrittenToTopology=true, keyChangingOperation=false, valueChangingOperation=false, mergeNode=false, parentNodes=[KSTREAM-BRANCHCHILD-0000000017]} child nodes []
12:35:02.030 [main] DEBUG org.apache.kafka.streams.processor.internals.InternalTopologyBuilder - No source topics using pattern subscription found, initializing consumer's subscription collection.
12:35:02.058 [main] WARN org.apache.kafka.streams.processor.internals.StateDirectory - Using /tmp directory in the state.dir property can cause failures with writing the checkpoint file due to the fact that this directory can be cleared by the OS
12:35:02.059 [main] ERROR org.apache.kafka.streams.processor.internals.StateDirectory - Failed to change permissions for the directory \tmp\kafka-streams
12:35:02.059 [main] ERROR org.apache.kafka.streams.processor.internals.StateDirectory - Failed to change permissions for the directory \tmp\kafka-streams\dummy-topology-test-driver-app-id
12:35:02.096 [main] DEBUG org.apache.kafka.streams.processor.internals.ProcessorStateManager - topology-test-driver Created state store manager for task 0_0
12:35:02.116 [main] DEBUG org.apache.kafka.streams.processor.internals.ProcessorStateManager - topology-test-driver Register global stores []
12:35:02.120 [main] DEBUG org.apache.kafka.streams.processor.internals.StateDirectory - stream-thread [main] Acquired state dir lock for task 0_0
12:35:02.121 [main] DEBUG org.apache.kafka.streams.processor.internals.StreamTask - stream-thread [main] task [0_0] Acquired state directory lock
12:35:02.333 [main] INFO org.apache.kafka.streams.state.internals.RocksDBTimestampedStore - Opening store balance in regular mode
12:35:02.334 [main] DEBUG org.apache.kafka.streams.state.internals.metrics.RocksDBMetricsRecorder - [RocksDB Metrics Recorder for balance] Adding metrics recorder of task 0_0 to metrics recording trigger
12:35:02.334 [main] DEBUG org.apache.kafka.streams.state.internals.metrics.RocksDBMetricsRecorder - [RocksDB Metrics Recorder for balance] Adding value providers for store balance of task 0_0
12:35:02.338 [main] DEBUG org.apache.kafka.streams.processor.internals.ProcessorStateManager - topology-test-driver Registered state store balance to its state manager
12:35:02.339 [main] DEBUG org.apache.kafka.streams.processor.internals.StreamTask - stream-thread [main] task [0_0] Registered state stores
12:35:02.340 [main] DEBUG org.apache.kafka.streams.processor.internals.ProcessorStateManager - topology-test-driver State store balance initialized from checkpoint with offset 3 at changelog dummy-topology-test-driver-app-id-balance-changelog-0
12:35:02.341 [main] DEBUG org.apache.kafka.streams.processor.internals.StreamTask - stream-thread [main] task [0_0] Initialized state stores
12:35:02.341 [main] INFO org.apache.kafka.streams.processor.internals.StreamTask - stream-thread [main] task [0_0] Initialized
12:35:02.344 [main] DEBUG org.apache.kafka.streams.processor.internals.StreamTask - stream-thread [main] task [0_0] No committed offset for partition dummy-topology-test-driver-app-id-balance-repartition-0, therefore no timestamp can be found for this partition
12:35:02.345 [main] DEBUG org.apache.kafka.streams.processor.internals.StreamTask - stream-thread [main] task [0_0] No committed offset for partition payment-topic-0, therefore no timestamp can be found for this partition
12:35:02.349 [main] INFO org.apache.kafka.streams.processor.internals.StreamTask - stream-thread [main] task [0_0] Restored and ready to run
12:35:03.119 [main] INFO demo.kafka.streams.processor.PaymentTopology - Payment event received with key=727e1b56-9afe-4a5f-9773-c796fc9ced0a, payment=PaymentEvent(paymentId=727e1b56-9afe-4a5f-9773-c796fc9ced0a, amount=100, currency=GBP, toAccount=DEF-586d687c-9805-4535-a344-a9744f795dc5, fromAccount=ABC-42971734-2147-46eb-a380-75653e19e9a2, rails=BANK_RAILS_FOO)
12:35:03.119 [main] INFO demo.kafka.streams.processor.PaymentTopology - Filtered payment event received with key=727e1b56-9afe-4a5f-9773-c796fc9ced0a, value=PaymentEvent(paymentId=727e1b56-9afe-4a5f-9773-c796fc9ced0a, amount=100, currency=GBP, toAccount=DEF-586d687c-9805-4535-a344-a9744f795dc5, fromAccount=ABC-42971734-2147-46eb-a380-75653e19e9a2, rails=BANK_RAILS_FOO)
12:35:03.121 [main] INFO demo.kafka.streams.processor.PaymentTopology - Merged payment event received with key=727e1b56-9afe-4a5f-9773-c796fc9ced0a, value=PaymentEvent(paymentId=727e1b56-9afe-4a5f-9773-c796fc9ced0a, amount=100, currency=GBP, toAccount=DEF-586d687c-9805-4535-a344-a9744f795dc5, fromAccount=ABC-42971734-2147-46eb-a380-75653e19e9a2, rails=BANK_RAILS_FOO)
12:35:03.127 [main] DEBUG org.apache.kafka.streams.processor.internals.ProcessorStateManager - topology-test-driver Flushing all store caches registered in the state manager: {balance=StateStoreMetadata (balance : dummy-topology-test-driver-app-id-balance-changelog-0 @ 3}
12:35:03.127 [main] DEBUG org.apache.kafka.streams.processor.internals.RecordCollectorImpl - topology-test-driver Flushing record collector
12:35:03.127 [main] DEBUG org.apache.kafka.streams.processor.internals.StreamTask - stream-thread [main] task [0_0] Prepared RUNNING task for committing
12:35:03.129 [main] DEBUG org.apache.kafka.streams.processor.internals.StreamTask - stream-thread [main] task [0_0] Checkpointable offsets {payment-topic-0=0, dummy-topology-test-driver-app-id-balance-repartition-0=0, rails-foo-topic-0=0}
12:35:03.129 [main] DEBUG org.apache.kafka.streams.processor.internals.ProcessorStateManager - topology-test-driver Flushing all stores registered in the state manager: {balance=StateStoreMetadata (balance : dummy-topology-test-driver-app-id-balance-changelog-0 @ 3}
12:35:03.130 [main] DEBUG org.apache.kafka.streams.processor.internals.ProcessorStateManager - topology-test-driver Writing checkpoint: {dummy-topology-test-driver-app-id-balance-changelog-0=3}
12:35:03.137 [main] DEBUG org.apache.kafka.streams.processor.internals.StreamTask - stream-thread [main] task [0_0] Finalized commit for RUNNING task with eos false enforce checkpoint true
12:35:03.148 [main] DEBUG org.apache.kafka.streams.processor.internals.ProcessorStateManager - topology-test-driver Flushing all store caches registered in the state manager: {balance=StateStoreMetadata (balance : dummy-topology-test-driver-app-id-balance-changelog-0 @ 3}
12:35:03.155 [main] DEBUG org.apache.kafka.streams.processor.internals.RecordCollectorImpl - topology-test-driver Flushing record collector
12:35:03.155 [main] DEBUG org.apache.kafka.streams.processor.internals.StreamTask - stream-thread [main] task [0_0] Prepared RUNNING task for committing
12:35:03.155 [main] DEBUG org.apache.kafka.streams.processor.internals.StreamTask - stream-thread [main] task [0_0] Checkpointable offsets {dummy-topology-test-driver-app-id-balance-repartition-0=0, rails-foo-topic-0=0, dummy-topology-test-driver-app-id-balance-changelog-0=0, payment-topic-0=0}
12:35:03.155 [main] DEBUG org.apache.kafka.streams.processor.internals.ProcessorStateManager - topology-test-driver State store balance updated to written offset 0 at changelog dummy-topology-test-driver-app-id-balance-changelog-0
12:35:03.155 [main] DEBUG org.apache.kafka.streams.processor.internals.ProcessorStateManager - topology-test-driver Flushing all stores registered in the state manager: {balance=StateStoreMetadata (balance : dummy-topology-test-driver-app-id-balance-changelog-0 @ 0}
12:35:03.161 [main] DEBUG org.apache.kafka.streams.processor.internals.ProcessorStateManager - topology-test-driver Writing checkpoint: {dummy-topology-test-driver-app-id-balance-changelog-0=0}
12:35:03.168 [main] DEBUG org.apache.kafka.streams.processor.internals.StreamTask - stream-thread [main] task [0_0] Finalized commit for RUNNING task with eos false enforce checkpoint true
12:35:03.168 [main] INFO demo.kafka.streams.processor.PaymentTopology - Payment event received with key=55b8118d-8fcb-4973-a1e5-93e75cb36d0f, payment=PaymentEvent(paymentId=55b8118d-8fcb-4973-a1e5-93e75cb36d0f, amount=50, currency=GBP, toAccount=DEF-586d687c-9805-4535-a344-a9744f795dc5, fromAccount=ABC-42971734-2147-46eb-a380-75653e19e9a2, rails=BANK_RAILS_FOO)
12:35:03.169 [main] INFO demo.kafka.streams.processor.PaymentTopology - Filtered payment event received with key=55b8118d-8fcb-4973-a1e5-93e75cb36d0f, value=PaymentEvent(paymentId=55b8118d-8fcb-4973-a1e5-93e75cb36d0f, amount=50, currency=GBP, toAccount=DEF-586d687c-9805-4535-a344-a9744f795dc5, fromAccount=ABC-42971734-2147-46eb-a380-75653e19e9a2, rails=BANK_RAILS_FOO)
12:35:03.169 [main] INFO demo.kafka.streams.processor.PaymentTopology - Merged payment event received with key=55b8118d-8fcb-4973-a1e5-93e75cb36d0f, value=PaymentEvent(paymentId=55b8118d-8fcb-4973-a1e5-93e75cb36d0f, amount=50, currency=GBP, toAccount=DEF-586d687c-9805-4535-a344-a9744f795dc5, fromAccount=ABC-42971734-2147-46eb-a380-75653e19e9a2, rails=BANK_RAILS_FOO)
12:35:03.170 [main] DEBUG org.apache.kafka.streams.processor.internals.ProcessorStateManager - topology-test-driver Flushing all store caches registered in the state manager: {balance=StateStoreMetadata (balance : dummy-topology-test-driver-app-id-balance-changelog-0 @ 0}
12:35:03.170 [main] DEBUG org.apache.kafka.streams.processor.internals.RecordCollectorImpl - topology-test-driver Flushing record collector
12:35:03.170 [main] DEBUG org.apache.kafka.streams.processor.internals.StreamTask - stream-thread [main] task [0_0] Prepared RUNNING task for committing
12:35:03.170 [main] DEBUG org.apache.kafka.streams.processor.internals.StreamTask - stream-thread [main] task [0_0] Checkpointable offsets {dummy-topology-test-driver-app-id-balance-repartition-0=1, rails-foo-topic-0=1, dummy-topology-test-driver-app-id-balance-changelog-0=0, payment-topic-0=1}
12:35:03.170 [main] DEBUG org.apache.kafka.streams.processor.internals.ProcessorStateManager - topology-test-driver State store balance updated to written offset 0 at changelog dummy-topology-test-driver-app-id-balance-changelog-0
12:35:03.170 [main] DEBUG org.apache.kafka.streams.processor.internals.ProcessorStateManager - topology-test-driver Flushing all stores registered in the state manager: {balance=StateStoreMetadata (balance : dummy-topology-test-driver-app-id-balance-changelog-0 @ 0}
12:35:03.170 [main] DEBUG org.apache.kafka.streams.processor.internals.ProcessorStateManager - topology-test-driver Writing checkpoint: {dummy-topology-test-driver-app-id-balance-changelog-0=0}
12:35:03.176 [main] DEBUG org.apache.kafka.streams.processor.internals.StreamTask - stream-thread [main] task [0_0] Finalized commit for RUNNING task with eos false enforce checkpoint true
12:35:03.176 [main] DEBUG org.apache.kafka.streams.processor.internals.ProcessorStateManager - topology-test-driver Flushing all store caches registered in the state manager: {balance=StateStoreMetadata (balance : dummy-topology-test-driver-app-id-balance-changelog-0 @ 0}
12:35:03.176 [main] DEBUG org.apache.kafka.streams.processor.internals.RecordCollectorImpl - topology-test-driver Flushing record collector
12:35:03.176 [main] DEBUG org.apache.kafka.streams.processor.internals.StreamTask - stream-thread [main] task [0_0] Prepared RUNNING task for committing
12:35:03.176 [main] DEBUG org.apache.kafka.streams.processor.internals.StreamTask - stream-thread [main] task [0_0] Checkpointable offsets {dummy-topology-test-driver-app-id-balance-repartition-0=1, rails-foo-topic-0=1, dummy-topology-test-driver-app-id-balance-changelog-0=1, payment-topic-0=1}
12:35:03.176 [main] DEBUG org.apache.kafka.streams.processor.internals.ProcessorStateManager - topology-test-driver State store balance updated to written offset 1 at changelog dummy-topology-test-driver-app-id-balance-changelog-0
12:35:03.176 [main] DEBUG org.apache.kafka.streams.processor.internals.ProcessorStateManager - topology-test-driver Flushing all stores registered in the state manager: {balance=StateStoreMetadata (balance : dummy-topology-test-driver-app-id-balance-changelog-0 @ 1}
12:35:03.183 [main] DEBUG org.apache.kafka.streams.processor.internals.ProcessorStateManager - topology-test-driver Writing checkpoint: {dummy-topology-test-driver-app-id-balance-changelog-0=1}
12:35:03.188 [main] DEBUG org.apache.kafka.streams.processor.internals.StreamTask - stream-thread [main] task [0_0] Finalized commit for RUNNING task with eos false enforce checkpoint true
12:35:03.188 [main] INFO demo.kafka.streams.processor.PaymentTopology - Payment event received with key=07785708-914b-4ae6-97b3-5175cf94322b, payment=PaymentEvent(paymentId=07785708-914b-4ae6-97b3-5175cf94322b, amount=60, currency=GBP, toAccount=DEF-586d687c-9805-4535-a344-a9744f795dc5, fromAccount=ABC-42971734-2147-46eb-a380-75653e19e9a2, rails=BANK_RAILS_FOO)
12:35:03.189 [main] INFO demo.kafka.streams.processor.PaymentTopology - Filtered payment event received with key=07785708-914b-4ae6-97b3-5175cf94322b, value=PaymentEvent(paymentId=07785708-914b-4ae6-97b3-5175cf94322b, amount=60, currency=GBP, toAccount=DEF-586d687c-9805-4535-a344-a9744f795dc5, fromAccount=ABC-42971734-2147-46eb-a380-75653e19e9a2, rails=BANK_RAILS_FOO)
12:35:03.189 [main] INFO demo.kafka.streams.processor.PaymentTopology - Merged payment event received with key=07785708-914b-4ae6-97b3-5175cf94322b, value=PaymentEvent(paymentId=07785708-914b-4ae6-97b3-5175cf94322b, amount=60, currency=GBP, toAccount=DEF-586d687c-9805-4535-a344-a9744f795dc5, fromAccount=ABC-42971734-2147-46eb-a380-75653e19e9a2, rails=BANK_RAILS_FOO)
12:35:03.189 [main] DEBUG org.apache.kafka.streams.processor.internals.ProcessorStateManager - topology-test-driver Flushing all store caches registered in the state manager: {balance=StateStoreMetadata (balance : dummy-topology-test-driver-app-id-balance-changelog-0 @ 1}
12:35:03.189 [main] DEBUG org.apache.kafka.streams.processor.internals.RecordCollectorImpl - topology-test-driver Flushing record collector
12:35:03.189 [main] DEBUG org.apache.kafka.streams.processor.internals.StreamTask - stream-thread [main] task [0_0] Prepared RUNNING task for committing
12:35:03.189 [main] DEBUG org.apache.kafka.streams.processor.internals.StreamTask - stream-thread [main] task [0_0] Checkpointable offsets {dummy-topology-test-driver-app-id-balance-repartition-0=2, rails-foo-topic-0=2, dummy-topology-test-driver-app-id-balance-changelog-0=1, payment-topic-0=2}
12:35:03.189 [main] DEBUG org.apache.kafka.streams.processor.internals.ProcessorStateManager - topology-test-driver State store balance updated to written offset 1 at changelog dummy-topology-test-driver-app-id-balance-changelog-0
12:35:03.189 [main] DEBUG org.apache.kafka.streams.processor.internals.ProcessorStateManager - topology-test-driver Flushing all stores registered in the state manager: {balance=StateStoreMetadata (balance : dummy-topology-test-driver-app-id-balance-changelog-0 @ 1}
12:35:03.189 [main] DEBUG org.apache.kafka.streams.processor.internals.ProcessorStateManager - topology-test-driver Writing checkpoint: {dummy-topology-test-driver-app-id-balance-changelog-0=1}
12:35:03.194 [main] DEBUG org.apache.kafka.streams.processor.internals.StreamTask - stream-thread [main] task [0_0] Finalized commit for RUNNING task with eos false enforce checkpoint true
12:35:03.195 [main] DEBUG org.apache.kafka.streams.processor.internals.ProcessorStateManager - topology-test-driver Flushing all store caches registered in the state manager: {balance=StateStoreMetadata (balance : dummy-topology-test-driver-app-id-balance-changelog-0 @ 1}
12:35:03.195 [main] DEBUG org.apache.kafka.streams.processor.internals.RecordCollectorImpl - topology-test-driver Flushing record collector
12:35:03.195 [main] DEBUG org.apache.kafka.streams.processor.internals.StreamTask - stream-thread [main] task [0_0] Prepared RUNNING task for committing
12:35:03.195 [main] DEBUG org.apache.kafka.streams.processor.internals.StreamTask - stream-thread [main] task [0_0] Checkpointable offsets {dummy-topology-test-driver-app-id-balance-repartition-0=2, rails-foo-topic-0=2, dummy-topology-test-driver-app-id-balance-changelog-0=2, payment-topic-0=2}
12:35:03.195 [main] DEBUG org.apache.kafka.streams.processor.internals.ProcessorStateManager - topology-test-driver State store balance updated to written offset 2 at changelog dummy-topology-test-driver-app-id-balance-changelog-0
12:35:03.196 [main] DEBUG org.apache.kafka.streams.processor.internals.ProcessorStateManager - topology-test-driver Flushing all stores registered in the state manager: {balance=StateStoreMetadata (balance : dummy-topology-test-driver-app-id-balance-changelog-0 @ 2}
12:35:03.202 [main] DEBUG org.apache.kafka.streams.processor.internals.ProcessorStateManager - topology-test-driver Writing checkpoint: {dummy-topology-test-driver-app-id-balance-changelog-0=2}
12:35:03.208 [main] DEBUG org.apache.kafka.streams.processor.internals.StreamTask - stream-thread [main] task [0_0] Finalized commit for RUNNING task with eos false enforce checkpoint true
12:35:03.208 [main] INFO demo.kafka.streams.processor.PaymentTopology - Payment event received with key=161565e7-c606-4078-beb1-6116e954cba9, payment=PaymentEvent(paymentId=161565e7-c606-4078-beb1-6116e954cba9, amount=1200, currency=GBP, toAccount=DEF-586d687c-9805-4535-a344-a9744f795dc5, fromAccount=ABC-42971734-2147-46eb-a380-75653e19e9a2, rails=BANK_RAILS_XXX)
12:35:03.208 [main] DEBUG org.apache.kafka.streams.processor.internals.ProcessorStateManager - topology-test-driver Flushing all store caches registered in the state manager: {balance=StateStoreMetadata (balance : dummy-topology-test-driver-app-id-balance-changelog-0 @ 2}
12:35:03.209 [main] DEBUG org.apache.kafka.streams.processor.internals.RecordCollectorImpl - topology-test-driver Flushing record collector
12:35:03.209 [main] DEBUG org.apache.kafka.streams.processor.internals.StreamTask - stream-thread [main] task [0_0] Prepared RUNNING task for committing
12:35:03.209 [main] DEBUG org.apache.kafka.streams.processor.internals.StreamTask - stream-thread [main] task [0_0] Checkpointable offsets {dummy-topology-test-driver-app-id-balance-repartition-0=2, rails-foo-topic-0=2, dummy-topology-test-driver-app-id-balance-changelog-0=2, payment-topic-0=3}
12:35:03.209 [main] DEBUG org.apache.kafka.streams.processor.internals.ProcessorStateManager - topology-test-driver State store balance updated to written offset 2 at changelog dummy-topology-test-driver-app-id-balance-changelog-0
12:35:03.209 [main] DEBUG org.apache.kafka.streams.processor.internals.ProcessorStateManager - topology-test-driver Flushing all stores registered in the state manager: {balance=StateStoreMetadata (balance : dummy-topology-test-driver-app-id-balance-changelog-0 @ 2}
12:35:03.209 [main] DEBUG org.apache.kafka.streams.processor.internals.ProcessorStateManager - topology-test-driver Writing checkpoint: {dummy-topology-test-driver-app-id-balance-changelog-0=2}
12:35:03.215 [main] DEBUG org.apache.kafka.streams.processor.internals.StreamTask - stream-thread [main] task [0_0] Finalized commit for RUNNING task with eos false enforce checkpoint true
12:35:03.216 [main] INFO demo.kafka.streams.processor.PaymentTopology - Payment event received with key=d038ea60-f261-4e6d-99c2-d40b4c8ff4ce, payment=PaymentEvent(paymentId=d038ea60-f261-4e6d-99c2-d40b4c8ff4ce, amount=1000, currency=USD, toAccount=DEF-586d687c-9805-4535-a344-a9744f795dc5, fromAccount=XYZ-0d872b8a-67b2-4bd7-810c-32cffbe997e6, rails=BANK_RAILS_BAR)
12:35:03.216 [main] INFO demo.kafka.streams.processor.PaymentTopology - Filtered payment event received with key=d038ea60-f261-4e6d-99c2-d40b4c8ff4ce, value=PaymentEvent(paymentId=d038ea60-f261-4e6d-99c2-d40b4c8ff4ce, amount=1000, currency=USD, toAccount=DEF-586d687c-9805-4535-a344-a9744f795dc5, fromAccount=XYZ-0d872b8a-67b2-4bd7-810c-32cffbe997e6, rails=BANK_RAILS_BAR)
12:35:03.216 [main] INFO demo.kafka.streams.processor.PaymentTopology - Merged payment event received with key=d038ea60-f261-4e6d-99c2-d40b4c8ff4ce, value=PaymentEvent(paymentId=d038ea60-f261-4e6d-99c2-d40b4c8ff4ce, amount=800, currency=GBP, toAccount=DEF-586d687c-9805-4535-a344-a9744f795dc5, fromAccount=XYZ-0d872b8a-67b2-4bd7-810c-32cffbe997e6, rails=BANK_RAILS_BAR)
12:35:03.217 [main] DEBUG org.apache.kafka.streams.processor.internals.ProcessorStateManager - topology-test-driver Flushing all store caches registered in the state manager: {balance=StateStoreMetadata (balance : dummy-topology-test-driver-app-id-balance-changelog-0 @ 2}
12:35:03.217 [main] DEBUG org.apache.kafka.streams.processor.internals.RecordCollectorImpl - topology-test-driver Flushing record collector
12:35:03.217 [main] DEBUG org.apache.kafka.streams.processor.internals.StreamTask - stream-thread [main] task [0_0] Prepared RUNNING task for committing
12:35:03.217 [main] DEBUG org.apache.kafka.streams.processor.internals.StreamTask - stream-thread [main] task [0_0] Checkpointable offsets {dummy-topology-test-driver-app-id-balance-repartition-0=3, rails-foo-topic-0=2, dummy-topology-test-driver-app-id-balance-changelog-0=2, payment-topic-0=4, rails-BAR-topic-0=0}
12:35:03.217 [main] DEBUG org.apache.kafka.streams.processor.internals.ProcessorStateManager - topology-test-driver State store balance updated to written offset 2 at changelog dummy-topology-test-driver-app-id-balance-changelog-0
12:35:03.218 [main] DEBUG org.apache.kafka.streams.processor.internals.ProcessorStateManager - topology-test-driver Flushing all stores registered in the state manager: {balance=StateStoreMetadata (balance : dummy-topology-test-driver-app-id-balance-changelog-0 @ 2}
12:35:03.219 [main] DEBUG org.apache.kafka.streams.processor.internals.ProcessorStateManager - topology-test-driver Writing checkpoint: {dummy-topology-test-driver-app-id-balance-changelog-0=2}
12:35:03.223 [main] DEBUG org.apache.kafka.streams.processor.internals.StreamTask - stream-thread [main] task [0_0] Finalized commit for RUNNING task with eos false enforce checkpoint true
12:35:03.224 [main] DEBUG org.apache.kafka.streams.processor.internals.ProcessorStateManager - topology-test-driver Flushing all store caches registered in the state manager: {balance=StateStoreMetadata (balance : dummy-topology-test-driver-app-id-balance-changelog-0 @ 2}
12:35:03.224 [main] DEBUG org.apache.kafka.streams.processor.internals.RecordCollectorImpl - topology-test-driver Flushing record collector
12:35:03.224 [main] DEBUG org.apache.kafka.streams.processor.internals.StreamTask - stream-thread [main] task [0_0] Prepared RUNNING task for committing
12:35:03.224 [main] DEBUG org.apache.kafka.streams.processor.internals.StreamTask - stream-thread [main] task [0_0] Checkpointable offsets {dummy-topology-test-driver-app-id-balance-repartition-0=3, rails-foo-topic-0=2, dummy-topology-test-driver-app-id-balance-changelog-0=3, payment-topic-0=4, rails-BAR-topic-0=0}
12:35:03.225 [main] DEBUG org.apache.kafka.streams.processor.internals.ProcessorStateManager - topology-test-driver State store balance updated to written offset 3 at changelog dummy-topology-test-driver-app-id-balance-changelog-0
12:35:03.225 [main] DEBUG org.apache.kafka.streams.processor.internals.ProcessorStateManager - topology-test-driver Flushing all stores registered in the state manager: {balance=StateStoreMetadata (balance : dummy-topology-test-driver-app-id-balance-changelog-0 @ 3}
12:35:03.231 [main] DEBUG org.apache.kafka.streams.processor.internals.ProcessorStateManager - topology-test-driver Writing checkpoint: {dummy-topology-test-driver-app-id-balance-changelog-0=3}
12:35:03.237 [main] DEBUG org.apache.kafka.streams.processor.internals.StreamTask - stream-thread [main] task [0_0] Finalized commit for RUNNING task with eos false enforce checkpoint true
12:35:03.245 [main] INFO org.apache.kafka.streams.TopologyTestDriver - Method #getTimestampedKeyValueStore() should be used to access a TimestampedKeyValueStore.
]]></system-out>
  </testcase>
</testsuite>